<?xml version="1.0" encoding="UTF-8"?>
<!-- Generated by org.testng.reporters.JUnitReportReporter -->
<testsuite hostname="DESKTOP-N1F218A" failures="0" tests="1" name="TestCases.TC2_LoginWithoutExtend" time="15.894" errors="0" timestamp="2023-06-07T17:34:24 IST" skipped="0">
  <testcase classname="TestCases.TC2_LoginWithoutExtend" name="LoginToApplication" time="15.894"/>
  <system-out/>
</testsuite> <!-- TestCases.TC2_LoginWithoutExtend -->
