<?xml version="1.0" encoding="UTF-8"?>
<!-- Generated by org.testng.reporters.JUnitReportReporter -->
<testsuite hostname="DESKTOP-N1F218A" failures="0" tests="1" name="UnitTesting.ExcelRead" time="0.417" errors="0" timestamp="2023-06-12T22:02:49 IST" skipped="0">
  <testcase classname="UnitTesting.ExcelRead" name="fun1" time="0.417"/>
  <system-out/>
</testsuite> <!-- UnitTesting.ExcelRead -->
