<?xml version="1.0" encoding="UTF-8"?>
<!-- Generated by org.testng.reporters.JUnitReportReporter -->
<testsuite skipped="0" hostname="DESKTOP-N1F218A" name="TestCases.TC1_LoginTest" tests="1" failures="0" timestamp="2023-06-25T16:51:42 IST" time="4.384" errors="0">
  <testcase name="LoginToApplication" time="4.384" classname="TestCases.TC1_LoginTest"/>
  <system-out/>
</testsuite> <!-- TestCases.TC1_LoginTest -->
