<?xml version="1.0" encoding="UTF-8"?>
<!-- Generated by org.testng.reporters.JUnitReportReporter -->
<testsuite hostname="DESKTOP-N1F218A" failures="0" tests="1" name="UnitTesting.configtest" time="0.005" errors="0" timestamp="2023-06-12T20:57:10 IST" skipped="0">
  <testcase classname="UnitTesting.configtest" name="test" time="0.005"/>
  <system-out/>
</testsuite> <!-- UnitTesting.configtest -->
