<?xml version="1.0" encoding="UTF-8"?>
<!-- Generated by org.testng.reporters.JUnitReportReporter -->
<testsuite hostname="DESKTOP-N1F218A" failures="0" tests="1" name="UnitTesting.TestNGClass" time="5.098" errors="0" timestamp="2023-06-07T10:38:33 IST" skipped="0">
  <testcase classname="UnitTesting.TestNGClass" name="UnitTest" time="5.098"/>
  <system-out/>
</testsuite> <!-- UnitTesting.TestNGClass -->
