<?xml version="1.0" encoding="UTF-8"?>
<!-- Generated by org.testng.reporters.JUnitReportReporter -->
<testsuite hostname="md2spchc" failures="0" tests="1" name="UnitTesting.ExtentReportNotWorking" time="0.409" errors="0" timestamp="2023-07-18T11:08:10 IST" skipped="0">
  <testcase classname="UnitTesting.ExtentReportNotWorking" name="temp1" time="0.409"/>
  <system-out>
    <![CDATA[Message from reporter
Message from reporter]]>
  </system-out>
</testsuite> <!-- UnitTesting.ExtentReportNotWorking -->
