<?xml version="1.0" encoding="UTF-8"?>
<!-- Generated by org.testng.reporters.JUnitReportReporter -->
<testsuite hostname="md2spchc" failures="0" tests="1" name="APITesting.UpdateBooking" time="3.562" errors="0" timestamp="2023-07-27T17:14:48 IST" skipped="0">
  <testcase classname="APITesting.UpdateBooking" name="UpdateBooking" time="3.562"/>
  <system-out/>
</testsuite> <!-- APITesting.UpdateBooking -->
