<?xml version="1.0" encoding="UTF-8"?>
<!-- Generated by org.testng.reporters.JUnitReportReporter -->
<testsuite hostname="md2spchc" failures="0" tests="1" name="UnitTesting.AssertionPractice" time="0.008" errors="0" timestamp="2023-07-17T12:14:04 IST" skipped="0">
  <testcase classname="UnitTesting.AssertionPractice" name="Practice1" time="0.008"/>
  <system-out>
    <![CDATA[Verify URL
Log1
Log2
Log3]]>
  </system-out>
</testsuite> <!-- UnitTesting.AssertionPractice -->
