<?xml version="1.0" encoding="UTF-8"?>
<!-- Generated by org.testng.reporters.JUnitReportReporter -->
<testsuite hostname="md2spchc" failures="0" tests="1" name="TestCases.TC2_EditCustomer" time="52.695" errors="0" timestamp="2023-07-21T15:56:16 IST" skipped="0">
  <testcase classname="TestCases.TC2_EditCustomer" name="EditCustomers" time="52.695"/>
  <system-out/>
</testsuite> <!-- TestCases.TC2_EditCustomer -->
