<?xml version="1.0" encoding="UTF-8"?>
<!-- Generated by org.testng.reporters.JUnitReportReporter -->
<testsuite hostname="md2spchc" failures="0" tests="1" name="APITesting.PosstCall" time="2.364" errors="0" timestamp="2023-07-28T12:21:28 IST" skipped="0">
  <testcase classname="APITesting.PosstCall" name="CreateBooking" time="2.364"/>
  <system-out/>
</testsuite> <!-- APITesting.PosstCall -->
