<?xml version="1.0" encoding="UTF-8"?>
<!-- Generated by org.testng.reporters.JUnitReportReporter -->
<testsuite hostname="md2spchc" failures="0" tests="1" name="APITesting.DeleteBooking" time="2.319" errors="0" timestamp="2023-07-27T17:12:02 IST" skipped="0">
  <testcase classname="APITesting.DeleteBooking" name="DeleteBooking" time="2.319"/>
  <system-out/>
</testsuite> <!-- APITesting.DeleteBooking -->
