<?xml version="1.0" encoding="UTF-8"?>
<!-- Generated by org.testng.reporters.JUnitReportReporter -->
<testsuite hostname="md2spchc" failures="0" tests="1" name="UnitTesting.temp1" time="0.416" errors="0" timestamp="2023-07-17T17:26:03 IST" skipped="0">
  <testcase classname="UnitTesting.temp1" name="temp1" time="0.416"/>
  <system-out>
    <![CDATA[Message from reporter
Message from reporter]]>
  </system-out>
</testsuite> <!-- UnitTesting.temp1 -->
