<?xml version="1.0" encoding="UTF-8"?>
<!-- Generated by org.testng.reporters.JUnitReportReporter -->
<testsuite hostname="md2spchc" failures="0" tests="1" name="UnitTesting.AlertCheck" time="27.803" errors="0" timestamp="2023-07-14T20:11:32 IST" skipped="0">
  <testcase classname="UnitTesting.AlertCheck" name="CHeckJavaALert" time="27.803"/>
  <system-out/>
</testsuite> <!-- UnitTesting.AlertCheck -->
