<?xml version="1.0" encoding="UTF-8"?>
<!-- Generated by org.testng.reporters.JUnitReportReporter -->
<testsuite hostname="md2spchc" failures="0" tests="1" name="TestCases.TC3_DeleteCustomer" time="23.421" errors="0" timestamp="2023-07-21T15:56:16 IST" skipped="0">
  <testcase classname="TestCases.TC3_DeleteCustomer" name="DeleteCstomer" time="23.421"/>
  <system-out/>
</testsuite> <!-- TestCases.TC3_DeleteCustomer -->
