<?xml version="1.0" encoding="UTF-8"?>
<!-- Generated by org.testng.reporters.JUnitReportReporter -->
<testsuite hostname="md2spchc" failures="0" tests="1" name="APITesting.API1" time="4.073" errors="0" timestamp="2023-07-28T12:20:24 IST" skipped="0">
  <testcase classname="APITesting.API1" name="getStatus" time="4.073"/>
  <system-out/>
</testsuite> <!-- APITesting.API1 -->
